<?xml version="1.0" encoding="UTF-8"?>
<!-- Generated by org.testng.reporters.JUnitReportReporter -->
<testsuite hostname="HYD-LAP-00651" failures="0" tests="2" name="api.Test.UserTests" time="5.484" errors="0" timestamp="2024-03-25T14:35:08 IST" skipped="0">
  <testcase classname="api.Test.UserTests" name="testPostUser" time="3.990"/>
  <testcase classname="api.Test.UserTests" name="upadateUser" time="1.494"/>
</testsuite> <!-- api.Test.UserTests -->
