<?xml version="1.0" encoding="UTF-8"?>
<!-- Generated by org.testng.reporters.JUnitReportReporter -->
<testsuite hostname="HYD-LAP-00651" failures="0" tests="1" name="api.Test.UserTests2" time="3.532" errors="0" timestamp="2024-03-25T14:52:45 IST" skipped="0">
  <testcase classname="api.Test.UserTests2" name="testPostUser" time="3.532"/>
</testsuite> <!-- api.Test.UserTests2 -->
